<?xml version="1.0" encoding="UTF-8"?>
<testng-results skipped="0" failed="0" ignored="0" total="1" passed="1">
  <reporter-output>
  </reporter-output>
  <suite name="Default suite" duration-ms="5433" started-at="2018-02-13T19:22:00Z" finished-at="2018-02-13T19:22:05Z">
    <groups>
    </groups>
    <test name="Default test" duration-ms="5433" started-at="2018-02-13T19:22:00Z" finished-at="2018-02-13T19:22:05Z">
      <class name="Question2.FoodServingTest">
        <test-method status="PASS" signature="setUp()[pri:0, instance:Question2.FoodServingTest@d2cc05a]" name="setUp" is-config="true" duration-ms="4353" started-at="2018-02-13T14:22:00Z" finished-at="2018-02-13T14:22:04Z">
          <reporter-output>
          </reporter-output>
        </test-method> <!-- setUp -->
        <test-method status="PASS" signature="verify_allItems()[pri:2, instance:Question2.FoodServingTest@d2cc05a]" name="verify_allItems" duration-ms="239" started-at="2018-02-13T14:22:04Z" finished-at="2018-02-13T14:22:04Z">
          <reporter-output>
          </reporter-output>
        </test-method> <!-- verify_allItems -->
        <test-method status="PASS" signature="tearDown()[pri:0, instance:Question2.FoodServingTest@d2cc05a]" name="tearDown" is-config="true" duration-ms="826" started-at="2018-02-13T14:22:04Z" finished-at="2018-02-13T14:22:05Z">
          <reporter-output>
          </reporter-output>
        </test-method> <!-- tearDown -->
      </class> <!-- Question2.FoodServingTest -->
    </test> <!-- Default test -->
  </suite> <!-- Default suite -->
</testng-results>
